2023-07-05 11:47:34,214 - INFO - got a request to get reservation info - reservation_id is: 52212f9d-dac9-4f06-a454-20d772150021
2023-07-05 11:48:08,066 - INFO - got a request to get reservation info - reservation_id is: 52212f9d-dac9-4f06-a454-20d772150021
2023-07-05 11:54:20,610 - INFO - got a request to get reservation info - reservation_id is: 52212f9d-dac9-4f06-a454-20d772150021
2023-07-05 11:54:45,056 - INFO - got a request to get reservation info - reservation_id is: 097dfe73-afee-48c3-a21f-38326e80c871
2023-07-05 11:54:52,862 - INFO - got a request to get reservation info - reservation_id is: 097dfe73-afee-48c3-a21f-38326e80c8712
2023-07-05 11:54:52,864 - ERROR - an error occurred while trying to fetch reservation from database - the exception is: list index out of range, the exception_type is: IndexError
2023-07-05 11:54:56,955 - INFO - got a request to get reservation info - reservation_id is: 097dfe73-afee-48c3-a21f-38326e80c871
2023-07-05 11:59:49,534 - INFO - got a request to get reservation availability - reservation_id is: 097dfe73-afee-48c3-a21f-38326e80c871
2023-07-05 12:01:15,588 - INFO - got a request to get reservation availability - reservation_id is: 097dfe73-afee-48c3-a21f-38326e80c871
2023-07-05 12:05:12,768 - INFO - got a request to get reservation availability - reservation_id is: 097dfe73-afee-48c3-a21f-38326e80c871
2023-07-05 12:05:41,423 - INFO - got a request to get reservation availability - reservation_id is: 097dfe73-afee-48c3-a21f-38326e80c871
2023-07-05 12:06:54,451 - INFO - got a request to get reservation availability - reservation_id is: 64412586-9ced-48e2-bb0b-251abeac2e5e
2023-07-05 12:07:09,934 - INFO - got a request to get reservation availability - reservation_id is: 64412586-9ced-48e2-bb0b-251abeac2e5e
2023-07-05 12:19:17,615 - INFO - got a request to get reservation availability - reservation_id is: 64412586-9ced-48e2-bb0b-251abeac2e5e
2023-07-05 12:19:37,346 - INFO - got a request to get reservation availability - reservation_id is: 64412586-9ced-48e2-bb0b-251abeac2e5e
2023-07-05 12:20:12,678 - INFO - got a request to get reservation availability - reservation_id is: 64412586-9ced-48e2-bb0b-251abeac2e5e
2023-07-05 12:20:48,271 - INFO - got a request to get reservation availability - reservation_id is: 64412586-9ced-48e2-bb0b-251abeac2e5e
2023-07-05 12:27:19,919 - INFO - got a request to get reservation info - reservation_id is: 097dfe73-afee-48c3-a21f-38326e80c871
2023-07-05 12:27:25,594 - INFO - got a request to get reservation availability - reservation_id is: 64412586-9ced-48e2-bb0b-251abeac2e5e
2023-07-05 12:28:12,938 - INFO - got a request to get reservation availability - reservation_id is: 64412586-9ced-48e2-bb0b-251abeac2e5e
2023-07-05 12:28:56,198 - INFO - got a request to get reservation availability - reservation_id is: 64412586-9ced-48e2-bb0b-251abeac2e5e
2023-07-05 12:29:17,589 - INFO - got a request to get reservation availability - reservation_id is: 64412586-9ced-48e2-bb0b-251abeac2e5e
2023-07-05 12:29:35,937 - INFO - got a request to get reservation availability - reservation_id is: 64412586-9ced-48e2-bb0b-251abeac2e5e
2023-07-05 12:30:00,068 - INFO - got a request to get reservation availability - reservation_id is: 64412586-9ced-48e2-bb0b-251abeac2e5e
2023-07-05 12:30:09,688 - INFO - got a request to get reservation info - reservation_id is: 097dfe73-afee-48c3-a21f-38326e80c871
2023-07-05 12:30:12,689 - INFO - got a request to get reservation availability - reservation_id is: 64412586-9ced-48e2-bb0b-251abeac2e5e
2023-07-05 12:31:03,527 - INFO - got a request to get reservation availability - reservation_id is: 64412586-9ced-48e2-bb0b-251abeac2e5e
2023-07-05 12:31:06,614 - INFO - got a request to get reservation info - reservation_id is: 097dfe73-afee-48c3-a21f-38326e80c871
2023-07-05 12:31:23,626 - INFO - got a request to get reservation availability - reservation_id is: 52212f9d-dac9-4f06-a454-20d772150021
2023-07-05 12:31:31,491 - INFO - got a request to get reservation availability - reservation_id is: 64412586-9ced-48e2-bb0b-251abeac2e5e
2023-07-05 12:31:45,366 - INFO - got a request to get reservation availability - reservation_id is: 64412586-9ced-48e2-bb0b-251abeac2e5e
2023-07-05 12:31:46,486 - INFO - got a request to get reservation availability - reservation_id is: 64412586-9ced-48e2-bb0b-251abeac2e5e
2023-07-05 12:31:53,765 - INFO - got a request to get reservation availability - reservation_id is: 64412586-9ced-48e2-bb0b-251abeac2e5e
2023-07-05 12:32:54,049 - INFO - got a request to get reservation info - reservation_id is: 097dfe73-afee-48c3-a21f-38326e80c871
2023-07-05 12:32:56,068 - INFO - got a request to get reservation availability - reservation_id is: 64412586-9ced-48e2-bb0b-251abeac2e5e
2023-07-05 12:33:40,896 - INFO - got a request to get reservation availability - reservation_id is: 52212f9d-dac9-4f06-a454-20d772150021
2023-07-05 12:33:48,034 - INFO - got a request to get reservation availability - reservation_id is: 52212f9d-dac9-4f06-a454-20d772150021
2023-07-05 12:33:48,986 - INFO - got a request to get reservation availability - reservation_id is: 52212f9d-dac9-4f06-a454-20d772150021
2023-07-05 12:33:49,822 - INFO - got a request to get reservation availability - reservation_id is: 52212f9d-dac9-4f06-a454-20d772150021
2023-07-05 12:33:51,854 - INFO - got a request to get reservation availability - reservation_id is: 52212f9d-dac9-4f06-a454-20d772150021
2023-07-05 12:34:18,203 - INFO - got a request to get reservation availability - reservation_id is: 64412586-9ced-48e2-bb0b-251abeac2e5e
2023-07-05 12:36:15,899 - INFO - got a request to get reservation availability - reservation_id is: 64412586-9ced-48e2-bb0b-251abeac2e5e
2023-07-05 12:36:16,820 - INFO - got a request to get reservation availability - reservation_id is: 64412586-9ced-48e2-bb0b-251abeac2e5e
2023-07-05 12:39:41,987 - INFO - got a request to get reservation availability - reservation_id is: 64412586-9ced-48e2-bb0b-251abeac2e5e
2023-07-05 12:39:42,879 - INFO - got a request to get reservation availability - reservation_id is: 64412586-9ced-48e2-bb0b-251abeac2e5e
2023-07-05 12:39:43,863 - INFO - got a request to get reservation availability - reservation_id is: 64412586-9ced-48e2-bb0b-251abeac2e5e
2023-07-05 12:40:37,420 - INFO - got a request to get reservation availability - reservation_id is: 64412586-9ced-48e2-bb0b-251abeac2e5e
2023-07-05 12:40:56,637 - INFO - got a request to get reservation availability - reservation_id is: 64412586-9ced-48e2-bb0b-251abeac2e5e1
2023-07-05 12:40:56,638 - ERROR - an error occurred while trying to fetch reservation data from database - the exception is: list index out of range, the exception_type is: IndexError
2023-07-05 12:41:31,856 - INFO - got a request to get reservation availability - reservation_id is: 64412586-9ced-48e2-bb0b-251abeac2e5e1
2023-07-05 12:41:31,857 - ERROR - an error occurred while trying to fetch reservation data from database - the exception is: list index out of range, the exception_type is: IndexError
2023-07-05 12:41:45,610 - INFO - got a request to get reservation info - reservation_id is: 097dfe73-afee-48c3-a21f-38326e80c871
2023-07-05 12:41:48,768 - INFO - got a request to get reservation info - reservation_id is: 097dfe73-afee-48c3-a21f-38326e80c8711
2023-07-05 12:41:48,768 - ERROR - an error occurred while trying to fetch reservation from database - the exception is: list index out of range, the exception_type is: IndexError
2023-07-05 12:42:24,414 - INFO - got a request to get reservation info - reservation_id is: 097dfe73-afee-48c3-a21f-38326e80c871
2023-07-05 12:42:33,694 - INFO - got a request to get reservation info - reservation_id is: 097dfe73-afee-48c3-a21f-38326e80c871
2023-07-05 12:42:36,283 - INFO - got a request to get reservation info - reservation_id is: 097dfe73-afee-48c3-a21f-38326e80c8712
2023-07-05 12:42:36,284 - ERROR - an error occurred while trying to fetch reservation from database - the exception is: list index out of range, the exception_type is: IndexError
2023-07-05 12:42:40,745 - INFO - got a request to get reservation availability - reservation_id is: 64412586-9ced-48e2-bb0b-251abeac2e5e1
2023-07-05 12:42:40,746 - ERROR - an error occurred while trying to fetch reservation data from database - the exception is: list index out of range, the exception_type is: IndexError
2023-07-05 12:42:43,502 - INFO - got a request to get reservation availability - reservation_id is: 64412586-9ced-48e2-bb0b-251abeac2e5e
2023-07-05 12:43:42,705 - INFO - got a request to get reservation info - reservation_id is: 64412586-9ced-48e2-bb0b-251abeac2e5e
2023-07-05 12:43:46,583 - INFO - got a request to get reservation availability - reservation_id is: 64412586-9ced-48e2-bb0b-251abeac2e5e
2023-07-05 12:45:45,650 - INFO - got a request to get reservation availability - reservation_id is: d046fbb8-0878-4346-9eec-045cea3d1d28
2023-07-05 12:45:52,825 - INFO - got a request to get reservation info - reservation_id is: d046fbb8-0878-4346-9eec-045cea3d1d28
2023-07-05 12:46:05,762 - INFO - got a request to get reservation availability - reservation_id is: 64412586-9ced-48e2-bb0b-251abeac2e5e
2023-07-05 12:46:08,123 - INFO - got a request to get reservation info - reservation_id is: 64412586-9ced-48e2-bb0b-251abeac2e5e
2023-07-05 12:50:31,319 - INFO - got a request to get reservation availability - reservation_id is: 64412586-9ced-48e2-bb0b-251abeac2e5e
2023-07-05 12:51:23,799 - INFO - got a request to get reservation availability - reservation_id is: 64412586-9ced-48e2-bb0b-251abeac2e5e
2023-07-05 12:51:39,209 - INFO - got a request to get reservation availability - reservation_id is: 64412586-9ced-48e2-bb0b-251abeac2e5e
2023-07-05 12:55:35,450 - INFO - got a request to get reservation availability - reservation_id is: 64412586-9ced-48e2-bb0b-251abeac2e5e
2023-07-05 12:56:14,863 - INFO - got a request to get reservation availability - reservation_id is: 64412586-9ced-48e2-bb0b-251abeac2e5e
2023-07-05 12:58:35,981 - INFO - got a request to get reservation availability - reservation_id is: 64412586-9ced-48e2-bb0b-251abeac2e5e
2023-07-05 13:01:34,386 - INFO - got a request to get reservation info - reservation_id is: 64412586-9ced-48e2-bb0b-251abeac2e5e
2023-07-05 13:02:00,535 - INFO - got a request to get reservation availability - reservation_id is: 64412586-9ced-48e2-bb0b-251abeac2e5e
2023-07-05 13:02:44,807 - INFO - got a request to get reservation availability - reservation_id is: 52212f9d-dac9-4f06-a454-20d772150021
2023-07-05 13:02:55,180 - INFO - got a request to get reservation availability - reservation_id is: 52212f9d-dac9-4f06-a454-20d772150021
2023-07-05 13:05:55,225 - INFO - got a request to get reservation availability - reservation_id is: 52212f9d-dac9-4f06-a454-20d772150021
2023-07-05 13:06:41,874 - INFO - got a request to get reservation availability - reservation_id is: 52212f9d-dac9-4f06-a454-20d772150021
2023-07-05 13:07:35,671 - INFO - got a request to get reservation availability - reservation_id is: 52212f9d-dac9-4f06-a454-20d772150021
2023-07-05 13:08:05,027 - INFO - got a request to get reservation availability - reservation_id is: 52212f9d-dac9-4f06-a454-20d772150021
2023-07-05 13:09:31,426 - INFO - got a request to get reservation availability - reservation_id is: 52212f9d-dac9-4f06-a454-20d772150021
2023-07-05 13:09:41,363 - INFO - got a request to get reservation availability - reservation_id is: 52212f9d-dac9-4f06-a454-20d772150021
2023-07-05 13:09:45,948 - INFO - got a request to get reservation availability - reservation_id is: 52212f9d-dac9-4f06-a454-20d772150021
2023-07-05 13:09:47,094 - INFO - got a request to get reservation availability - reservation_id is: 52212f9d-dac9-4f06-a454-20d772150021
2023-07-05 13:09:50,108 - INFO - got a request to get reservation availability - reservation_id is: 52212f9d-dac9-4f06-a454-20d772150021
2023-07-05 13:09:50,887 - INFO - got a request to get reservation availability - reservation_id is: 52212f9d-dac9-4f06-a454-20d772150021
2023-07-05 13:09:54,805 - INFO - got a request to get reservation availability - reservation_id is: 52212f9d-dac9-4f06-a454-20d772150021
2023-07-05 13:10:02,312 - INFO - got a request to get reservation availability - reservation_id is: 64412586-9ced-48e2-bb0b-251abeac2e5e
2023-07-05 13:10:07,512 - INFO - got a request to get reservation availability - reservation_id is: 64412586-9ced-48e2-bb0b-251abeac2e5e
2023-07-05 13:10:08,249 - INFO - got a request to get reservation availability - reservation_id is: 64412586-9ced-48e2-bb0b-251abeac2e5e
2023-07-05 13:10:46,966 - INFO - got a request to get reservation availability - reservation_id is: 64412586-9ced-48e2-bb0b-251abeac2e5e
2023-07-05 13:10:50,293 - INFO - got a request to get reservation info - reservation_id is: 64412586-9ced-48e2-bb0b-251abeac2e5e
2023-07-05 13:10:52,660 - INFO - got a request to get reservation availability - reservation_id is: 64412586-9ced-48e2-bb0b-251abeac2e5e
2023-07-05 13:11:06,148 - INFO - got a request to get reservation availability - reservation_id is: 52212f9d-dac9-4f06-a454-20d772150021
2023-07-05 13:11:07,776 - INFO - got a request to get reservation availability - reservation_id is: 52212f9d-dac9-4f06-a454-20d772150021
2023-07-05 13:11:11,016 - INFO - got a request to get reservation info - reservation_id is: 64412586-9ced-48e2-bb0b-251abeac2e5e
2023-07-05 13:11:14,704 - INFO - got a request to get reservation availability - reservation_id is: 52212f9d-dac9-4f06-a454-20d772150021
2023-07-05 13:11:27,484 - INFO - got a request to get reservation availability - reservation_id is: 52212f9d-dac9-4f06-a454-20d772150021
2023-07-05 13:11:47,325 - INFO - got a request to get reservation availability - reservation_id is: 52212f9d-dac9-4f06-a454-20d772150021
2023-07-05 13:12:32,809 - INFO - got a request to get reservation availability - reservation_id is: 52212f9d-dac9-4f06-a454-20d772150021
2023-07-05 13:14:31,109 - INFO - got a request to get reservation availability - reservation_id is: 52212f9d-dac9-4f06-a454-20d772150021
2023-07-05 13:14:42,977 - INFO - got a request to get reservation availability - reservation_id is: 52212f9d-dac9-4f06-a454-20d772150021
2023-07-05 13:14:47,505 - INFO - got a request to get reservation availability - reservation_id is: 52212f9d-dac9-4f06-a454-20d772150021
2023-07-05 13:14:49,525 - INFO - got a request to get reservation availability - reservation_id is: 52212f9d-dac9-4f06-a454-20d772150021
2023-07-05 13:14:50,413 - INFO - got a request to get reservation availability - reservation_id is: 52212f9d-dac9-4f06-a454-20d772150021
2023-07-05 13:14:52,655 - INFO - got a request to get reservation availability - reservation_id is: 52212f9d-dac9-4f06-a454-20d772150021
2023-07-05 13:14:55,551 - INFO - got a request to get reservation info - reservation_id is: 64412586-9ced-48e2-bb0b-251abeac2e5e
2023-07-05 13:14:58,197 - INFO - got a request to get reservation availability - reservation_id is: 52212f9d-dac9-4f06-a454-20d772150021
2023-07-05 13:15:05,948 - INFO - got a request to get reservation availability - reservation_id is: 52212f9d-dac9-4f06-a454-20d772150021
2023-07-05 13:15:16,888 - INFO - got a request to get reservation availability - reservation_id is: 64412586-9ced-48e2-bb0b-251abeac2e5e
2023-07-05 13:16:40,176 - INFO - got a request to get reservation availability - reservation_id is: 52212f9d-dac9-4f06-a454-20d772150021
2023-07-05 13:17:49,107 - INFO - got a request to get reservation availability - reservation_id is: 52212f9d-dac9-4f06-a454-20d772150021
2023-07-05 13:20:51,107 - INFO - got a request to get reservation availability - reservation_id is: 64412586-9ced-48e2-bb0b-251abeac2e5e
2023-07-05 13:20:55,888 - INFO - got a request to get reservation availability - reservation_id is: 52212f9d-dac9-4f06-a454-20d772150021
2023-07-05 13:21:05,158 - INFO - got a request to get reservation availability - reservation_id is: 52212f9d-dac9-4f06-a454-20d772150021
2023-07-05 13:21:40,838 - INFO - got a request to get reservation availability - reservation_id is: 52212f9d-dac9-4f06-a454-20d772150021
2023-07-05 13:21:41,594 - INFO - got a request to get reservation availability - reservation_id is: 52212f9d-dac9-4f06-a454-20d772150021
2023-07-05 13:21:42,332 - INFO - got a request to get reservation availability - reservation_id is: 52212f9d-dac9-4f06-a454-20d772150021
2023-07-05 13:21:43,261 - INFO - got a request to get reservation availability - reservation_id is: 52212f9d-dac9-4f06-a454-20d772150021
2023-07-05 13:21:44,224 - INFO - got a request to get reservation availability - reservation_id is: 52212f9d-dac9-4f06-a454-20d772150021
2023-07-05 13:22:04,345 - INFO - got a request to get reservation availability - reservation_id is: 52212f9d-dac9-4f06-a454-20d772150021
2023-07-05 13:22:16,470 - INFO - got a request to get reservation availability - reservation_id is: 115eb0fd-30d5-4710-9351-051679fb8c5e
2023-07-05 13:22:18,799 - INFO - got a request to get reservation availability - reservation_id is: 115eb0fd-30d5-4710-9351-051679fb8c5e
2023-07-05 13:22:29,770 - INFO - got a request to get reservation availability - reservation_id is: 52212f9d-dac9-4f06-a454-20d772150021
2023-07-05 13:22:45,141 - INFO - got a request to get reservation availability - reservation_id is: d046fbb8-0878-4346-9eec-045cea3d1d28
2023-07-05 13:23:22,911 - INFO - got a request to get reservation availability - reservation_id is: d046fbb8-0878-4346-9eec-045cea3d1d28
2023-07-05 13:23:42,911 - INFO - got a request to get reservation availability - reservation_id is: d046fbb8-0878-4346-9eec-045cea3d1d28
2023-07-05 13:24:26,674 - INFO - got a request to get reservation availability - reservation_id is: d046fbb8-0878-4346-9eec-045cea3d1d28
2023-07-05 13:24:39,440 - INFO - got a request to get reservation availability - reservation_id is: 52212f9d-dac9-4f06-a454-20d772150021
2023-07-05 13:24:50,760 - INFO - got a request to get reservation availability - reservation_id is: 52212f9d-dac9-4f06-a454-20d772150021
2023-07-05 13:24:57,407 - INFO - got a request to get reservation info - reservation_id is: 52212f9d-dac9-4f06-a454-20d772150021
2023-07-05 13:28:06,493 - INFO - got a request to get reservation availability - reservation_id is: 52212f9d-dac9-4f06-a454-20d772150021
2023-07-05 13:28:21,149 - INFO - got a request to get reservation availability - reservation_id is: 64412586-9ced-48e2-bb0b-251abeac2e5e
2023-07-05 13:28:25,404 - INFO - got a request to get reservation availability - reservation_id is: 52212f9d-dac9-4f06-a454-20d772150021
2023-07-05 13:29:08,031 - INFO - got a request to get reservation availability - reservation_id is: 52212f9d-dac9-4f06-a454-20d772150021
2023-07-05 13:29:20,882 - INFO - got a request to get reservation availability - reservation_id is: 64412586-9ced-48e2-bb0b-251abeac2e5e
2023-07-05 13:29:44,919 - INFO - got a request to get reservation availability - reservation_id is: 52212f9d-dac9-4f06-a454-20d772150021
